<?xml version="1.0" encoding="UTF-8"?>
<!-- Generated by org.testng.reporters.JUnitXMLReporter -->
<testsuite hostname="STI-D01-YOGESHA" ignored="0" name="Regression suite 1" tests="6" failures="1" timestamp="26 Dec 2017 07:05:32 GMT" time="42.763" errors="0">
  <testcase name="@AfterMethod tearsDown" time="0.0" classname="com.pa.qa.testcases.HomePageTest">
    <failure type="java.lang.NullPointerException">
      <![CDATA[java.lang.NullPointerException
	at com.pa.qa.testcases.HomePageTest.tearsDown(HomePageTest.java:27)
... Removed 27 stack frames]]>
    </failure>
  </testcase> <!-- @AfterMethod tearsDown -->
  <testcase name="@AfterMethod tearDown" time="0.0" classname="com.pa.qa.testcases.LogInTest">
    <failure type="java.lang.NullPointerException">
      <![CDATA[java.lang.NullPointerException
	at com.pa.qa.testcases.LogInTest.tearDown(LogInTest.java:30)
... Removed 27 stack frames]]>
    </failure>
  </testcase> <!-- @AfterMethod tearDown -->
  <testcase name="@BeforeMethod setUP" time="0.0" classname="com.pa.qa.testcases.LogInTest">
    <skipped/>
  </testcase> <!-- @BeforeMethod setUP -->
  <testcase name="@BeforeMethod setUP" time="0.0" classname="com.pa.qa.testcases.LogInTest">
    <skipped/>
  </testcase> <!-- @BeforeMethod setUP -->
  <testcase name="@BeforeMethod setUP" time="0.0" classname="com.pa.qa.testcases.LogInTest">
    <skipped/>
  </testcase> <!-- @BeforeMethod setUP -->
  <testcase name="@BeforeMethod setUP" time="0.0" classname="com.pa.qa.testcases.LogInTest">
    <skipped/>
  </testcase> <!-- @BeforeMethod setUP -->
  <testcase name="HomePageTest1" time="6.052" classname="com.pa.qa.testcases.HomePageTest"/>
  <testcase name="LogInToApp" time="0.021" classname="com.pa.qa.testcases.LogInTest">
    <failure type="java.lang.NullPointerException">
      <![CDATA[java.lang.NullPointerException
	at com.pa.qa.pages.MyAccountPageRegisterAndLogin.VerifyValidPage(MyAccountPageRegisterAndLogin.java:46)
	at com.pa.qa.base.TestBase.<init>(TestBase.java:28)
	at com.pa.qa.pages.MyAccountPageRegisterAndLogin.<init>(MyAccountPageRegisterAndLogin.java:19)
	at com.pa.qa.testcases.LogInTest.LogInToApp(LogInTest.java:24)
... Removed 25 stack frames]]>
    </failure>
  </testcase> <!-- LogInToApp -->
  <testcase name="LogInToApp" time="0.001" classname="com.pa.qa.testcases.LogInTest">
    <skipped/>
  </testcase> <!-- LogInToApp -->
  <testcase name="LogInToApp" time="0.0" classname="com.pa.qa.testcases.LogInTest">
    <skipped/>
  </testcase> <!-- LogInToApp -->
  <testcase name="LogInToApp" time="0.0" classname="com.pa.qa.testcases.LogInTest">
    <skipped/>
  </testcase> <!-- LogInToApp -->
  <testcase name="LogInToApp" time="0.0" classname="com.pa.qa.testcases.LogInTest">
    <skipped/>
  </testcase> <!-- LogInToApp -->
</testsuite> <!-- Regression suite 1 -->
