<?xml version="1.0" encoding="UTF-8"?>
<!-- Generated by org.testng.reporters.JUnitXMLReporter -->
<testsuite hostname="STI-D01-YOGESHA" ignored="0" name=" Smoke suite" tests="5" failures="0" timestamp="26 Dec 2017 14:06:17 GMT" time="64.515" errors="0">
  <testcase name="LogInToApp" time="49.214" classname="com.pa.qa.testcases.LogInTest"/>
  <testcase name="LogInToApp" time="3.313" classname="com.pa.qa.testcases.LogInTest"/>
  <testcase name="LogInToApp" time="3.398" classname="com.pa.qa.testcases.LogInTest"/>
  <testcase name="LogInToApp" time="3.299" classname="com.pa.qa.testcases.LogInTest"/>
  <testcase name="LogInToApp" time="3.107" classname="com.pa.qa.testcases.LogInTest"/>
</testsuite> <!--  Smoke suite -->
