<?xml version="1.0" encoding="UTF-8"?>
<!-- Generated by org.testng.reporters.JUnitXMLReporter -->
<testsuite hostname="STI-D01-YOGESHA" ignored="1" name="Test" tests="2" failures="2" timestamp="24 Jan 2018 12:36:54 GMT" time="7.954" errors="0">
  <testcase name="HomePageNavigateTest" time="0.067" classname="com.pa.qa.testcases.TestCases">
    <failure type="java.lang.AssertionError" message="expected [true] but found [false]">
      <![CDATA[java.lang.AssertionError: expected [true] but found [false]
	at com.pa.qa.pages.HomePage.VerifyValidPage(HomePage.java:95)
	at com.pa.qa.base.TestBase.<init>(TestBase.java:28)
	at com.pa.qa.pages.HomePage.<init>(HomePage.java:24)
	at com.pa.qa.testcases.TestCases.HomePageNavigateTest(TestCases.java:39)
... Removed 29 stack frames]]>
    </failure>
  </testcase> <!-- HomePageNavigateTest -->
  <testcase name="HomePageTest" time="0.007" classname="com.pa.qa.testcases.TestCases">
    <failure type="java.lang.AssertionError" message="expected [true] but found [false]">
      <![CDATA[java.lang.AssertionError: expected [true] but found [false]
	at com.pa.qa.pages.HomePage.VerifyValidPage(HomePage.java:95)
	at com.pa.qa.base.TestBase.<init>(TestBase.java:28)
	at com.pa.qa.pages.HomePage.<init>(HomePage.java:24)
	at com.pa.qa.testcases.TestCases.HomePageTest(TestCases.java:48)
... Removed 29 stack frames]]>
    </failure>
  </testcase> <!-- HomePageTest -->
  <testcase name="LogInToApp" time="0.0" classname="com.pa.qa.testcases.TestCases">
    <ignored/>
  </testcase> <!-- LogInToApp -->
</testsuite> <!-- Test -->
