<?xml version="1.0" encoding="UTF-8"?>
<testng-results ignored="0" total="1" passed="0" failed="1" skipped="0">
  <reporter-output>
    <line>
      <![CDATA[Browser Launched successfully]]>
    </line>
  </reporter-output>
  <suite started-at="2019-12-09T10:26:23Z" name="Default suite" finished-at="2019-12-09T10:27:54Z" duration-ms="90739">
    <groups>
    </groups>
    <test started-at="2019-12-09T10:26:23Z" name="Default test" finished-at="2019-12-09T10:27:54Z" duration-ms="90739">
      <class name="com.pa.qa.testcases.HomePageTest">
        <test-method is-config="true" signature="ConfigureReport()[pri:0, instance:com.pa.qa.testcases.HomePageTest@3b2cf7ab]" started-at="2019-12-09T15:56:23Z" name="ConfigureReport" finished-at="2019-12-09T15:56:23Z" duration-ms="535" status="PASS">
          <reporter-output>
          </reporter-output>
        </test-method> <!-- ConfigureReport -->
        <test-method is-config="true" signature="setUp()[pri:0, instance:com.pa.qa.testcases.HomePageTest@3b2cf7ab]" started-at="2019-12-09T15:56:23Z" name="setUp" finished-at="2019-12-09T15:57:40Z" duration-ms="76883" status="PASS">
          <reporter-output>
            <line>
              <![CDATA[Browser Launched successfully]]>
            </line>
          </reporter-output>
        </test-method> <!-- setUp -->
        <test-method signature="HomePage()[pri:0, instance:com.pa.qa.testcases.HomePageTest@3b2cf7ab]" started-at="2019-12-09T15:57:40Z" name="HomePage" finished-at="2019-12-09T15:57:41Z" duration-ms="921" status="FAIL">
          <exception class="java.lang.NullPointerException">
            <full-stacktrace>
              <![CDATA[java.lang.NullPointerException
	at com.pa.qa.pages.HomePage.VerifyHomePageSlides(HomePage.java:48)
	at com.pa.qa.testcases.HomePageTest.HomePage(HomePageTest.java:43)
	at java.base/jdk.internal.reflect.NativeMethodAccessorImpl.invoke0(Native Method)
	at java.base/jdk.internal.reflect.NativeMethodAccessorImpl.invoke(NativeMethodAccessorImpl.java:62)
	at java.base/jdk.internal.reflect.DelegatingMethodAccessorImpl.invoke(DelegatingMethodAccessorImpl.java:43)
	at java.base/java.lang.reflect.Method.invoke(Method.java:567)
	at org.testng.internal.MethodInvocationHelper.invokeMethod(MethodInvocationHelper.java:108)
	at org.testng.internal.Invoker.invokeMethod(Invoker.java:661)
	at org.testng.internal.Invoker.invokeTestMethod(Invoker.java:869)
	at org.testng.internal.Invoker.invokeTestMethods(Invoker.java:1193)
	at org.testng.internal.TestMethodWorker.invokeTestMethods(TestMethodWorker.java:126)
	at org.testng.internal.TestMethodWorker.run(TestMethodWorker.java:109)
	at org.testng.TestRunner.privateRun(TestRunner.java:744)
	at org.testng.TestRunner.run(TestRunner.java:602)
	at org.testng.SuiteRunner.runTest(SuiteRunner.java:380)
	at org.testng.SuiteRunner.runSequentially(SuiteRunner.java:375)
	at org.testng.SuiteRunner.privateRun(SuiteRunner.java:340)
	at org.testng.SuiteRunner.run(SuiteRunner.java:289)
	at org.testng.SuiteRunnerWorker.runSuite(SuiteRunnerWorker.java:52)
	at org.testng.SuiteRunnerWorker.run(SuiteRunnerWorker.java:86)
	at org.testng.TestNG.runSuitesSequentially(TestNG.java:1301)
	at org.testng.TestNG.runSuitesLocally(TestNG.java:1226)
	at org.testng.TestNG.runSuites(TestNG.java:1144)
	at org.testng.TestNG.run(TestNG.java:1115)
	at org.testng.remote.AbstractRemoteTestNG.run(AbstractRemoteTestNG.java:115)
	at org.testng.remote.RemoteTestNG.initAndRun(RemoteTestNG.java:251)
	at org.testng.remote.RemoteTestNG.main(RemoteTestNG.java:77)
]]>
            </full-stacktrace>
          </exception> <!-- java.lang.NullPointerException -->
          <reporter-output>
          </reporter-output>
        </test-method> <!-- HomePage -->
        <test-method is-config="true" signature="getResult(org.testng.ITestResult)[pri:0, instance:com.pa.qa.testcases.HomePageTest@3b2cf7ab]" started-at="2019-12-09T15:57:41Z" name="getResult" finished-at="2019-12-09T15:57:52Z" duration-ms="10987" status="PASS">
          <params>
            <param index="0">
              <value>
                <![CDATA[[TestResult name=HomePage status=FAILURE method=HomePageTest.HomePage()[pri:0, instance:com.pa.qa.testcases.HomePageTest@3b2cf7ab] output={null}]]]>
              </value>
            </param>
          </params>
          <reporter-output>
          </reporter-output>
        </test-method> <!-- getResult -->
        <test-method is-config="true" signature="tearDown()[pri:0, instance:com.pa.qa.testcases.HomePageTest@3b2cf7ab]" started-at="2019-12-09T15:57:52Z" name="tearDown" finished-at="2019-12-09T15:57:54Z" duration-ms="1233" status="PASS">
          <reporter-output>
          </reporter-output>
        </test-method> <!-- tearDown -->
      </class> <!-- com.pa.qa.testcases.HomePageTest -->
    </test> <!-- Default test -->
  </suite> <!-- Default suite -->
</testng-results>
