<?xml version="1.0" encoding="UTF-8"?>
<!-- Generated by org.testng.reporters.JUnitXMLReporter -->
<testsuite hostname="STI-D01-YOGESHA" ignored="0" name="Free CRM App Test Cases" tests="10" failures="0" timestamp="18 Dec 2017 14:12:16 GMT" time="152.585" errors="0">
  <testcase name="LogInToApp" time="48.867" classname="com.pa.qa.testcases.Login1Test"/>
  <testcase name="LogInToApp" time="3.714" classname="com.pa.qa.testcases.Login1Test"/>
  <testcase name="LogInToApp" time="3.007" classname="com.pa.qa.testcases.Login1Test"/>
  <testcase name="LogInToApp" time="3.078" classname="com.pa.qa.testcases.Login1Test"/>
  <testcase name="LogInToApp" time="2.974" classname="com.pa.qa.testcases.Login1Test"/>
  <testcase name="LogInToApp" time="2.935" classname="com.pa.qa.testcases.LogInTest"/>
  <testcase name="LogInToApp" time="2.995" classname="com.pa.qa.testcases.LogInTest"/>
  <testcase name="LogInToApp" time="2.966" classname="com.pa.qa.testcases.LogInTest"/>
  <testcase name="LogInToApp" time="3.714" classname="com.pa.qa.testcases.LogInTest"/>
  <testcase name="LogInToApp" time="3.875" classname="com.pa.qa.testcases.LogInTest"/>
</testsuite> <!-- Free CRM App Test Cases -->
