<?xml version="1.0" encoding="UTF-8"?>
<!-- Generated by org.testng.reporters.JUnitXMLReporter -->
<testsuite hostname="STI-D01-YOGESHA" ignored="0" name="TestLogin1" tests="5" failures="0" timestamp="18 Dec 2017 14:21:26 GMT" time="86.791" errors="0">
  <testcase name="LogInToApp" time="46.196" classname="com.pa.qa.testcases.Login1Test"/>
  <testcase name="LogInToApp" time="3.54" classname="com.pa.qa.testcases.Login1Test"/>
  <testcase name="LogInToApp" time="3.286" classname="com.pa.qa.testcases.Login1Test"/>
  <testcase name="LogInToApp" time="3.087" classname="com.pa.qa.testcases.Login1Test"/>
  <testcase name="LogInToApp" time="3.379" classname="com.pa.qa.testcases.Login1Test"/>
</testsuite> <!-- TestLogin1 -->
