<?xml version="1.0" encoding="UTF-8"?>
<!-- Generated by org.testng.reporters.JUnitXMLReporter -->
<testsuite hostname="STI-D01-YOGESHA" ignored="0" name="TestLogin" tests="5" failures="0" timestamp="18 Dec 2017 14:22:48 GMT" time="82.54" errors="0">
  <testcase name="LogInToApp" time="45.412" classname="com.pa.qa.testcases.LogInTest"/>
  <testcase name="LogInToApp" time="3.087" classname="com.pa.qa.testcases.LogInTest"/>
  <testcase name="LogInToApp" time="3.038" classname="com.pa.qa.testcases.LogInTest"/>
  <testcase name="LogInToApp" time="3.073" classname="com.pa.qa.testcases.LogInTest"/>
  <testcase name="LogInToApp" time="2.979" classname="com.pa.qa.testcases.LogInTest"/>
</testsuite> <!-- TestLogin -->
